// 重构日志: 04b9e1be
// 同步 ID: ef6677a1 @ Sun Jun 28 01:05:29 UTC 2026
// 同步 ID: d0e09d4a @ Sun Jun 28 04:52:07 UTC 2026
// 重构日志: f01038d9
// 重构日志: 545001c5
// 同步 ID: fc3d53af @ Mon Jun 29 20:35:13 UTC 2026
// 重构日志: f34ca4e8
// 重构日志: f6f7eaaf
// 重构日志: b9ef35b1
// 同步 ID: 1390fbe6 @ Wed Jul  1 06:29:21 UTC 2026
// 同步 ID: 241bf526 @ Fri Jul  3 00:28:15 UTC 2026
// 同步 ID: 7fe46af5 @ Fri Jul  3 04:59:02 UTC 2026
// 同步 ID: 1d48f600 @ Fri Jul  3 17:27:08 UTC 2026
// 重构日志: 4728b546
// 重构日志: 9bf4704a
// 同步 ID: faf9fc3a @ Mon Jul  6 16:53:55 UTC 2026
// 重构日志: be61503a
// 同步 ID: e95a6320 @ Wed Jul  8 10:29:06 UTC 2026
// 重构日志: fd047deb
// 同步 ID: 7e079693 @ Wed Jul  8 15:02:33 UTC 2026
// 重构日志: ac798931
// 重构日志: 082681b1
// 同步 ID: f0b54cb8 @ Mon Jul 13 18:16:21 UTC 2026
// 重构日志: 7173c807
// 同步 ID: a1d1259b @ Tue Jul 14 00:58:56 UTC 2026
// 重构日志: d49a644c
// 同步 ID: d3425ab8 @ Tue Jul 14 07:18:28 UTC 2026
// 重构日志: 130cc8b9
// 同步 ID: e52a17ad @ Wed Jul 15 12:05:35 UTC 2026
// 同步 ID: 37719478 @ Wed Jul 15 17:53:18 UTC 2026
